Copyright 1986-2016 Xilinx, Inc. All Rights Reserved.
-------------------------------------------------------------------------------------------------------------------------------------------------------------------
| Tool Version     : Vivado v.2016.2 (win64) Build 1577090 Thu Jun  2 16:32:40 MDT 2016
| Date             : Thu Jun 20 21:28:29 2019
| Host             : LAPTOP-N22FN740 running 64-bit major release  (build 9200)
| Command          : report_power -file sccomp_dataflow_power_routed.rpt -pb sccomp_dataflow_power_summary_routed.pb -rpx sccomp_dataflow_power_routed.rpx
| Design           : sccomp_dataflow
| Device           : xc7a100tcsg324-1
| Design State     : routed
| Grade            : commercial
| Process          : typical
| Characterization : Production
-------------------------------------------------------------------------------------------------------------------------------------------------------------------

Power Report

Table of Contents
-----------------
1. Summary
1.1 On-Chip Components
1.2 Power Supply Summary
1.3 Confidence Level
2. Settings
2.1 Environment
2.2 Clock Constraints
3. Detailed Reports
3.1 By Hierarchy

1. Summary
----------

+--------------------------+-------+
| Total On-Chip Power (W)  | 0.115 |
| Dynamic (W)              | 0.017 |
| Device Static (W)        | 0.097 |
| Effective TJA (C/W)      | 4.6   |
| Max Ambient (C)          | 84.5  |
| Junction Temperature (C) | 25.5  |
| Confidence Level         | Low   |
| Setting File             | ---   |
| Simulation Activity File | ---   |
| Design Nets Matched      | NA    |
+--------------------------+-------+


1.1 On-Chip Components
----------------------

+--------------------------+-----------+----------+-----------+-----------------+
| On-Chip                  | Power (W) | Used     | Available | Utilization (%) |
+--------------------------+-----------+----------+-----------+-----------------+
| Clocks                   |    <0.001 |        3 |       --- |             --- |
| Slice Logic              |     0.006 |     9697 |       --- |             --- |
|   LUT as Logic           |     0.006 |     4826 |     63400 |            7.61 |
|   LUT as Distributed RAM |    <0.001 |      512 |     19000 |            2.69 |
|   CARRY4                 |    <0.001 |      318 |     15850 |            2.01 |
|   F7/F8 Muxes            |    <0.001 |      945 |     63400 |            1.49 |
|   Register               |    <0.001 |     2444 |    126800 |            1.93 |
|   BUFG                   |    <0.001 |        1 |        32 |            3.13 |
|   Others                 |     0.000 |       19 |       --- |             --- |
| Signals                  |     0.008 |     7557 |       --- |             --- |
| DSPs                     |    <0.001 |        4 |       240 |            1.67 |
| I/O                      |     0.003 |       18 |       210 |            8.57 |
| Static Power             |     0.097 |          |           |                 |
| Total                    |     0.115 |          |           |                 |
+--------------------------+-----------+----------+-----------+-----------------+


1.2 Power Supply Summary
------------------------

+-----------+-------------+-----------+-------------+------------+
| Source    | Voltage (V) | Total (A) | Dynamic (A) | Static (A) |
+-----------+-------------+-----------+-------------+------------+
| Vccint    |       1.000 |     0.030 |       0.015 |      0.015 |
| Vccaux    |       1.800 |     0.018 |       0.000 |      0.018 |
| Vcco33    |       3.300 |     0.005 |       0.001 |      0.004 |
| Vcco25    |       2.500 |     0.000 |       0.000 |      0.000 |
| Vcco18    |       1.800 |     0.000 |       0.000 |      0.000 |
| Vcco15    |       1.500 |     0.000 |       0.000 |      0.000 |
| Vcco135   |       1.350 |     0.000 |       0.000 |      0.000 |
| Vcco12    |       1.200 |     0.000 |       0.000 |      0.000 |
| Vccaux_io |       1.800 |     0.000 |       0.000 |      0.000 |
| Vccbram   |       1.000 |     0.000 |       0.000 |      0.000 |
| MGTAVcc   |       1.000 |     0.000 |       0.000 |      0.000 |
| MGTAVtt   |       1.200 |     0.000 |       0.000 |      0.000 |
| Vccadc    |       1.800 |     0.020 |       0.000 |      0.020 |
+-----------+-------------+-----------+-------------+------------+


1.3 Confidence Level
--------------------

+-----------------------------+------------+-------------------------------------------------------+--------------------------------------------------------------------------------------------------------------------+
| User Input Data             | Confidence | Details                                               | Action                                                                                                             |
+-----------------------------+------------+-------------------------------------------------------+--------------------------------------------------------------------------------------------------------------------+
| Design implementation state | High       | Design is routed                                      |                                                                                                                    |
| Clock nodes activity        | Low        | User specified less than 75% of clocks                | Provide missing clock activity with a constraint file, simulation results or by editing the "By Clock Domain" view |
| I/O nodes activity          | Medium     | More than 5% of inputs are missing user specification | Provide missing input activity with simulation results or by editing the "By Resource Type -> I/Os" view           |
| Internal nodes activity     | Medium     | User specified less than 25% of internal nodes        | Provide missing internal nodes activity with simulation results or by editing the "By Resource Type" views         |
| Device models               | High       | Device models are Production                          |                                                                                                                    |
|                             |            |                                                       |                                                                                                                    |
| Overall confidence level    | Low        |                                                       |                                                                                                                    |
+-----------------------------+------------+-------------------------------------------------------+--------------------------------------------------------------------------------------------------------------------+


2. Settings
-----------

2.1 Environment
---------------

+-----------------------+--------------------------+
| Ambient Temp (C)      | 25.0                     |
| ThetaJA (C/W)         | 4.6                      |
| Airflow (LFM)         | 250                      |
| Heat Sink             | medium (Medium Profile)  |
| ThetaSA (C/W)         | 4.6                      |
| Board Selection       | medium (10"x10")         |
| # of Board Layers     | 12to15 (12 to 15 Layers) |
| Board Temperature (C) | 25.0                     |
+-----------------------+--------------------------+


2.2 Clock Constraints
---------------------

+---------+--------+-----------------+
| Clock   | Domain | Constraint (ns) |
+---------+--------+-----------------+
| clk_pin | clk_in |           100.0 |
+---------+--------+-----------------+


3. Detailed Reports
-------------------

3.1 By Hierarchy
----------------

+----------------------------+-----------+
| Name                       | Power (W) |
+----------------------------+-----------+
| sccomp_dataflow            |     0.017 |
|   DIV                      |    <0.001 |
|   LED                      |    <0.001 |
|   sccpu                    |     0.012 |
|     cpu_PC                 |    <0.001 |
|     cpu_add1               |    <0.001 |
|     cpu_cp0                |    <0.001 |
|     cpu_extn               |    <0.001 |
|     cpu_mdhl               |     0.003 |
|       div_unit             |    <0.001 |
|       divu_unit            |    <0.001 |
|       multu_unit           |     0.002 |
|     cpu_mux2               |    <0.001 |
|     cpu_mux3               |    <0.001 |
|     cpu_mux6               |    <0.001 |
|     cpu_npc                |    <0.001 |
|     cpu_ref                |     0.008 |
|   scdmem                   |    <0.001 |
|     mem_reg_0_255_0_0      |    <0.001 |
|     mem_reg_0_255_10_10    |    <0.001 |
|     mem_reg_0_255_11_11    |    <0.001 |
|     mem_reg_0_255_12_12    |    <0.001 |
|     mem_reg_0_255_13_13    |    <0.001 |
|     mem_reg_0_255_14_14    |    <0.001 |
|     mem_reg_0_255_15_15    |    <0.001 |
|     mem_reg_0_255_16_16    |    <0.001 |
|     mem_reg_0_255_17_17    |    <0.001 |
|     mem_reg_0_255_18_18    |    <0.001 |
|     mem_reg_0_255_19_19    |    <0.001 |
|     mem_reg_0_255_1_1      |    <0.001 |
|     mem_reg_0_255_20_20    |    <0.001 |
|     mem_reg_0_255_21_21    |    <0.001 |
|     mem_reg_0_255_22_22    |    <0.001 |
|     mem_reg_0_255_23_23    |    <0.001 |
|     mem_reg_0_255_24_24    |    <0.001 |
|     mem_reg_0_255_25_25    |    <0.001 |
|     mem_reg_0_255_26_26    |    <0.001 |
|     mem_reg_0_255_27_27    |    <0.001 |
|     mem_reg_0_255_28_28    |    <0.001 |
|     mem_reg_0_255_29_29    |    <0.001 |
|     mem_reg_0_255_2_2      |    <0.001 |
|     mem_reg_0_255_30_30    |    <0.001 |
|     mem_reg_0_255_31_31    |    <0.001 |
|     mem_reg_0_255_3_3      |    <0.001 |
|     mem_reg_0_255_4_4      |    <0.001 |
|     mem_reg_0_255_5_5      |    <0.001 |
|     mem_reg_0_255_6_6      |    <0.001 |
|     mem_reg_0_255_7_7      |    <0.001 |
|     mem_reg_0_255_8_8      |    <0.001 |
|     mem_reg_0_255_9_9      |    <0.001 |
|     mem_reg_256_511_0_0    |    <0.001 |
|     mem_reg_256_511_10_10  |    <0.001 |
|     mem_reg_256_511_11_11  |    <0.001 |
|     mem_reg_256_511_12_12  |    <0.001 |
|     mem_reg_256_511_13_13  |    <0.001 |
|     mem_reg_256_511_14_14  |    <0.001 |
|     mem_reg_256_511_15_15  |    <0.001 |
|     mem_reg_256_511_16_16  |    <0.001 |
|     mem_reg_256_511_17_17  |    <0.001 |
|     mem_reg_256_511_18_18  |    <0.001 |
|     mem_reg_256_511_19_19  |    <0.001 |
|     mem_reg_256_511_1_1    |    <0.001 |
|     mem_reg_256_511_20_20  |    <0.001 |
|     mem_reg_256_511_21_21  |    <0.001 |
|     mem_reg_256_511_22_22  |    <0.001 |
|     mem_reg_256_511_23_23  |    <0.001 |
|     mem_reg_256_511_24_24  |    <0.001 |
|     mem_reg_256_511_25_25  |    <0.001 |
|     mem_reg_256_511_26_26  |    <0.001 |
|     mem_reg_256_511_27_27  |    <0.001 |
|     mem_reg_256_511_28_28  |    <0.001 |
|     mem_reg_256_511_29_29  |    <0.001 |
|     mem_reg_256_511_2_2    |    <0.001 |
|     mem_reg_256_511_30_30  |    <0.001 |
|     mem_reg_256_511_31_31  |    <0.001 |
|     mem_reg_256_511_3_3    |    <0.001 |
|     mem_reg_256_511_4_4    |    <0.001 |
|     mem_reg_256_511_5_5    |    <0.001 |
|     mem_reg_256_511_6_6    |    <0.001 |
|     mem_reg_256_511_7_7    |    <0.001 |
|     mem_reg_256_511_8_8    |    <0.001 |
|     mem_reg_256_511_9_9    |    <0.001 |
|     mem_reg_512_767_0_0    |    <0.001 |
|     mem_reg_512_767_10_10  |    <0.001 |
|     mem_reg_512_767_11_11  |    <0.001 |
|     mem_reg_512_767_12_12  |    <0.001 |
|     mem_reg_512_767_13_13  |    <0.001 |
|     mem_reg_512_767_14_14  |    <0.001 |
|     mem_reg_512_767_15_15  |    <0.001 |
|     mem_reg_512_767_16_16  |    <0.001 |
|     mem_reg_512_767_17_17  |    <0.001 |
|     mem_reg_512_767_18_18  |    <0.001 |
|     mem_reg_512_767_19_19  |    <0.001 |
|     mem_reg_512_767_1_1    |    <0.001 |
|     mem_reg_512_767_20_20  |    <0.001 |
|     mem_reg_512_767_21_21  |    <0.001 |
|     mem_reg_512_767_22_22  |    <0.001 |
|     mem_reg_512_767_23_23  |    <0.001 |
|     mem_reg_512_767_24_24  |    <0.001 |
|     mem_reg_512_767_25_25  |    <0.001 |
|     mem_reg_512_767_26_26  |    <0.001 |
|     mem_reg_512_767_27_27  |    <0.001 |
|     mem_reg_512_767_28_28  |    <0.001 |
|     mem_reg_512_767_29_29  |    <0.001 |
|     mem_reg_512_767_2_2    |    <0.001 |
|     mem_reg_512_767_30_30  |    <0.001 |
|     mem_reg_512_767_31_31  |    <0.001 |
|     mem_reg_512_767_3_3    |    <0.001 |
|     mem_reg_512_767_4_4    |    <0.001 |
|     mem_reg_512_767_5_5    |    <0.001 |
|     mem_reg_512_767_6_6    |    <0.001 |
|     mem_reg_512_767_7_7    |    <0.001 |
|     mem_reg_512_767_8_8    |    <0.001 |
|     mem_reg_512_767_9_9    |    <0.001 |
|     mem_reg_768_1023_0_0   |    <0.001 |
|     mem_reg_768_1023_10_10 |    <0.001 |
|     mem_reg_768_1023_11_11 |    <0.001 |
|     mem_reg_768_1023_12_12 |    <0.001 |
|     mem_reg_768_1023_13_13 |    <0.001 |
|     mem_reg_768_1023_14_14 |    <0.001 |
|     mem_reg_768_1023_15_15 |    <0.001 |
|     mem_reg_768_1023_16_16 |    <0.001 |
|     mem_reg_768_1023_17_17 |    <0.001 |
|     mem_reg_768_1023_18_18 |    <0.001 |
|     mem_reg_768_1023_19_19 |    <0.001 |
|     mem_reg_768_1023_1_1   |    <0.001 |
|     mem_reg_768_1023_20_20 |    <0.001 |
|     mem_reg_768_1023_21_21 |    <0.001 |
|     mem_reg_768_1023_22_22 |    <0.001 |
|     mem_reg_768_1023_23_23 |    <0.001 |
|     mem_reg_768_1023_24_24 |    <0.001 |
|     mem_reg_768_1023_25_25 |    <0.001 |
|     mem_reg_768_1023_26_26 |    <0.001 |
|     mem_reg_768_1023_27_27 |    <0.001 |
|     mem_reg_768_1023_28_28 |    <0.001 |
|     mem_reg_768_1023_29_29 |    <0.001 |
|     mem_reg_768_1023_2_2   |    <0.001 |
|     mem_reg_768_1023_30_30 |    <0.001 |
|     mem_reg_768_1023_31_31 |    <0.001 |
|     mem_reg_768_1023_3_3   |    <0.001 |
|     mem_reg_768_1023_4_4   |    <0.001 |
|     mem_reg_768_1023_5_5   |    <0.001 |
|     mem_reg_768_1023_6_6   |    <0.001 |
|     mem_reg_768_1023_7_7   |    <0.001 |
|     mem_reg_768_1023_8_8   |    <0.001 |
|     mem_reg_768_1023_9_9   |    <0.001 |
|   scimem                   |     0.001 |
|     U0                     |     0.001 |
+----------------------------+-----------+


