#-----------------------------------------------------------
# Vivado v2016.2 (64-bit)
# SW Build 1577090 on Thu Jun  2 16:32:40 MDT 2016
# IP Build 1577682 on Fri Jun  3 12:00:54 MDT 2016
# Start of session at: Sun Jun 09 11:16:07 2019
# Process ID: 22044
# Current directory: D:/Mathlogic/Project/cpu54
# Command line: vivado.exe -gui_launcher_event rodinguilauncherevent24548 D:\Mathlogic\Project\cpu54\cpu.xpr
# Log file: D:/Mathlogic/Project/cpu54/vivado.log
# Journal file: D:/Mathlogic/Project/cpu54\vivado.jou
#-----------------------------------------------------------
start_gui
open_project D:/Mathlogic/Project/cpu54/cpu.xpr
Scanning sources...
Finished scanning sources
INFO: [IP_Flow 19-234] Refreshing IP repositories
INFO: [IP_Flow 19-1704] No user IP repositories specified
INFO: [IP_Flow 19-2313] Loaded Vivado IP repository 'D:/Mathlogic/vivado/Vivado/2016.2/data/ip'.
INFO: [Common 17-41] Interrupt caught. Command should exit soon.
INFO: [Common 17-344] 'set_property' was cancelled
INFO: [Common 17-344] 'set_property' was cancelled
INFO: [Common 17-344] 'open_project' was cancelled
update_compile_order -fileset sources_1
update_compile_order -fileset sim_1
exit
INFO: [Common 17-206] Exiting Vivado at Sun Jun 09 11:16:36 2019...
